{"C:\\Users\\ELVANO\\Desktop\\Hacktiv8\\Phase 3\\FINAL PROJECT\\MeTimer-Server\\app.js": {"path":"C:\\Users\\ELVANO\\Desktop\\Hacktiv8\\Phase 3\\FINAL PROJECT\\MeTimer-Server\\app.js","statementMap":{"0":{"start":{"line":1,"column":0},"end":{"line":1,"column":27}},"1":{"start":{"line":2,"column":13},"end":{"line":2,"column":28}},"2":{"start":{"line":3,"column":16},"end":{"line":3,"column":34}},"3":{"start":{"line":4,"column":13},"end":{"line":4,"column":28}},"4":{"start":{"line":5,"column":22},"end":{"line":5,"column":56}},"5":{"start":{"line":6,"column":21},"end":{"line":6,"column":58}},"6":{"start":{"line":7,"column":12},"end":{"line":7,"column":21}},"7":{"start":{"line":8,"column":15},"end":{"line":8,"column":35}},"8":{"start":{"line":9,"column":13},"end":{"line":9,"column":37}},"9":{"start":{"line":11,"column":0},"end":{"line":11,"column":24}},"10":{"start":{"line":12,"column":0},"end":{"line":12,"column":49}},"11":{"start":{"line":13,"column":0},"end":{"line":13,"column":16}},"12":{"start":{"line":16,"column":0},"end":{"line":16,"column":68}},"13":{"start":{"line":18,"column":0},"end":{"line":18,"column":21}},"14":{"start":{"line":21,"column":0},"end":{"line":21,"column":22}},"15":{"start":{"line":23,"column":0},"end":{"line":23,"column":11}},"16":{"start":{"line":30,"column":0},"end":{"line":30,"column":21}}},"fnMap":{},"branchMap":{"0":{"loc":{"start":{"line":9,"column":13},"end":{"line":9,"column":37}},"type":"binary-expr","locations":[{"start":{"line":9,"column":13},"end":{"line":9,"column":29}},{"start":{"line":9,"column":33},"end":{"line":9,"column":37}}],"line":9}},"s":{"0":2,"1":2,"2":2,"3":2,"4":2,"5":2,"6":2,"7":2,"8":2,"9":2,"10":2,"11":2,"12":2,"13":2,"14":2,"15":2,"16":2},"f":{},"b":{"0":[2,0]},"_coverageSchema":"1a1c01bbd47fc00a2c39e90264f33305004495a9","hash":"6f2d29ba1df614ec4bbcf700779796ab975539e7"}
,"C:\\Users\\ELVANO\\Desktop\\Hacktiv8\\Phase 3\\FINAL PROJECT\\MeTimer-Server\\config\\mongodb.config.js": {"path":"C:\\Users\\ELVANO\\Desktop\\Hacktiv8\\Phase 3\\FINAL PROJECT\\MeTimer-Server\\config\\mongodb.config.js","statementMap":{"0":{"start":{"line":1,"column":24},"end":{"line":1,"column":42}},"1":{"start":{"line":3,"column":12},"end":{"line":3,"column":66}},"2":{"start":{"line":5,"column":15},"end":{"line":5,"column":35}},"3":{"start":{"line":7,"column":15},"end":{"line":7,"column":17}},"4":{"start":{"line":10,"column":4},"end":{"line":17,"column":5}},"5":{"start":{"line":11,"column":8},"end":{"line":11,"column":31}},"6":{"start":{"line":12,"column":8},"end":{"line":12,"column":40}},"7":{"start":{"line":13,"column":8},"end":{"line":13,"column":55}},"8":{"start":{"line":14,"column":8},"end":{"line":14,"column":24}},"9":{"start":{"line":16,"column":8},"end":{"line":16,"column":57}},"10":{"start":{"line":21,"column":4},"end":{"line":21,"column":20}},"11":{"start":{"line":24,"column":0},"end":{"line":24,"column":38}}},"fnMap":{"0":{"name":"connectDB","decl":{"start":{"line":9,"column":15},"end":{"line":9,"column":24}},"loc":{"start":{"line":9,"column":27},"end":{"line":18,"column":1}},"line":9},"1":{"name":"getDB","decl":{"start":{"line":20,"column":9},"end":{"line":20,"column":14}},"loc":{"start":{"line":20,"column":17},"end":{"line":22,"column":1}},"line":20}},"branchMap":{"0":{"loc":{"start":{"line":3,"column":12},"end":{"line":3,"column":66}},"type":"binary-expr","locations":[{"start":{"line":3,"column":12},"end":{"line":3,"column":35}},{"start":{"line":3,"column":39},"end":{"line":3,"column":66}}],"line":3}},"s":{"0":2,"1":2,"2":2,"3":2,"4":1,"5":1,"6":0,"7":0,"8":0,"9":0,"10":0,"11":2},"f":{"0":1,"1":0},"b":{"0":[2,2]},"_coverageSchema":"1a1c01bbd47fc00a2c39e90264f33305004495a9","hash":"df4cb1bed1e4831efecb12f26a689bc2a7f35a9f"}
,"C:\\Users\\ELVANO\\Desktop\\Hacktiv8\\Phase 3\\FINAL PROJECT\\MeTimer-Server\\config\\openai.config.js": {"path":"C:\\Users\\ELVANO\\Desktop\\Hacktiv8\\Phase 3\\FINAL PROJECT\\MeTimer-Server\\config\\openai.config.js","statementMap":{"0":{"start":{"line":1,"column":15},"end":{"line":1,"column":32}},"1":{"start":{"line":2,"column":15},"end":{"line":4,"column":2}},"2":{"start":{"line":6,"column":0},"end":{"line":6,"column":24}}},"fnMap":{},"branchMap":{},"s":{"0":2,"1":2,"2":2},"f":{},"b":{},"_coverageSchema":"1a1c01bbd47fc00a2c39e90264f33305004495a9","hash":"9b2babe03d704c255da3b45c51d069a57320e42e"}
,"C:\\Users\\ELVANO\\Desktop\\Hacktiv8\\Phase 3\\FINAL PROJECT\\MeTimer-Server\\controllers\\AIController.js": {"path":"C:\\Users\\ELVANO\\Desktop\\Hacktiv8\\Phase 3\\FINAL PROJECT\\MeTimer-Server\\controllers\\AIController.js","statementMap":{"0":{"start":{"line":1,"column":15},"end":{"line":1,"column":34}},"1":{"start":{"line":5,"column":25},"end":{"line":5,"column":33}},"2":{"start":{"line":6,"column":8},"end":{"line":11,"column":9}},"3":{"start":{"line":7,"column":26},"end":{"line":7,"column":54}},"4":{"start":{"line":8,"column":12},"end":{"line":8,"column":40}},"5":{"start":{"line":10,"column":12},"end":{"line":10,"column":31}},"6":{"start":{"line":15,"column":36},"end":{"line":15,"column":44}},"7":{"start":{"line":16,"column":8},"end":{"line":21,"column":9}},"8":{"start":{"line":17,"column":36},"end":{"line":17,"column":77}},"9":{"start":{"line":18,"column":12},"end":{"line":18,"column":64}},"10":{"start":{"line":20,"column":12},"end":{"line":20,"column":31}},"11":{"start":{"line":25,"column":0},"end":{"line":25,"column":30}}},"fnMap":{"0":{"name":"(anonymous_0)","decl":{"start":{"line":4,"column":4},"end":{"line":4,"column":5}},"loc":{"start":{"line":4,"column":47},"end":{"line":12,"column":5}},"line":4},"1":{"name":"(anonymous_1)","decl":{"start":{"line":14,"column":4},"end":{"line":14,"column":5}},"loc":{"start":{"line":14,"column":49},"end":{"line":22,"column":5}},"line":14}},"branchMap":{},"s":{"0":2,"1":0,"2":0,"3":0,"4":0,"5":0,"6":0,"7":0,"8":0,"9":0,"10":0,"11":2},"f":{"0":0,"1":0},"b":{},"_coverageSchema":"1a1c01bbd47fc00a2c39e90264f33305004495a9","hash":"fdad05f574438d64225bdfda2656802868e43cce"}
,"C:\\Users\\ELVANO\\Desktop\\Hacktiv8\\Phase 3\\FINAL PROJECT\\MeTimer-Server\\controllers\\JournalController.js": {"path":"C:\\Users\\ELVANO\\Desktop\\Hacktiv8\\Phase 3\\FINAL PROJECT\\MeTimer-Server\\controllers\\JournalController.js","statementMap":{"0":{"start":{"line":1,"column":16},"end":{"line":1,"column":43}},"1":{"start":{"line":5,"column":23},"end":{"line":5,"column":33}},"2":{"start":{"line":6,"column":8},"end":{"line":11,"column":9}},"3":{"start":{"line":7,"column":28},"end":{"line":7,"column":54}},"4":{"start":{"line":8,"column":12},"end":{"line":8,"column":30}},"5":{"start":{"line":10,"column":12},"end":{"line":10,"column":31}},"6":{"start":{"line":15,"column":0},"end":{"line":15,"column":35}}},"fnMap":{"0":{"name":"(anonymous_0)","decl":{"start":{"line":4,"column":4},"end":{"line":4,"column":5}},"loc":{"start":{"line":4,"column":42},"end":{"line":12,"column":5}},"line":4}},"branchMap":{},"s":{"0":2,"1":0,"2":0,"3":0,"4":0,"5":0,"6":2},"f":{"0":0},"b":{},"_coverageSchema":"1a1c01bbd47fc00a2c39e90264f33305004495a9","hash":"ccb841eea538cfe14252760719ca3222d862c5fa"}
,"C:\\Users\\ELVANO\\Desktop\\Hacktiv8\\Phase 3\\FINAL PROJECT\\MeTimer-Server\\controllers\\RecordController.js": {"path":"C:\\Users\\ELVANO\\Desktop\\Hacktiv8\\Phase 3\\FINAL PROJECT\\MeTimer-Server\\controllers\\RecordController.js","statementMap":{"0":{"start":{"line":1,"column":15},"end":{"line":1,"column":41}},"1":{"start":{"line":5,"column":8},"end":{"line":12,"column":9}},"2":{"start":{"line":6,"column":25},"end":{"line":6,"column":33}},"3":{"start":{"line":7,"column":27},"end":{"line":7,"column":35}},"4":{"start":{"line":8,"column":29},"end":{"line":8,"column":58}},"5":{"start":{"line":9,"column":12},"end":{"line":9,"column":43}},"6":{"start":{"line":11,"column":12},"end":{"line":11,"column":31}},"7":{"start":{"line":16,"column":23},"end":{"line":16,"column":31}},"8":{"start":{"line":17,"column":8},"end":{"line":22,"column":9}},"9":{"start":{"line":18,"column":28},"end":{"line":18,"column":52}},"10":{"start":{"line":19,"column":12},"end":{"line":19,"column":30}},"11":{"start":{"line":21,"column":12},"end":{"line":21,"column":31}},"12":{"start":{"line":26,"column":0},"end":{"line":26,"column":34}}},"fnMap":{"0":{"name":"(anonymous_0)","decl":{"start":{"line":4,"column":4},"end":{"line":4,"column":5}},"loc":{"start":{"line":4,"column":46},"end":{"line":13,"column":5}},"line":4},"1":{"name":"(anonymous_1)","decl":{"start":{"line":15,"column":4},"end":{"line":15,"column":5}},"loc":{"start":{"line":15,"column":44},"end":{"line":23,"column":5}},"line":15}},"branchMap":{},"s":{"0":2,"1":0,"2":0,"3":0,"4":0,"5":0,"6":0,"7":0,"8":0,"9":0,"10":0,"11":0,"12":2},"f":{"0":0,"1":0},"b":{},"_coverageSchema":"1a1c01bbd47fc00a2c39e90264f33305004495a9","hash":"7f10cc0239ebc3d5bd5b514ec0f8a7a8372d23fb"}
,"C:\\Users\\ELVANO\\Desktop\\Hacktiv8\\Phase 3\\FINAL PROJECT\\MeTimer-Server\\controllers\\UserController.js": {"path":"C:\\Users\\ELVANO\\Desktop\\Hacktiv8\\Phase 3\\FINAL PROJECT\\MeTimer-Server\\controllers\\UserController.js","statementMap":{"0":{"start":{"line":1,"column":15},"end":{"line":1,"column":42}},"1":{"start":{"line":2,"column":17},"end":{"line":2,"column":42}},"2":{"start":{"line":6,"column":8},"end":{"line":35,"column":9}},"3":{"start":{"line":7,"column":61},"end":{"line":7,"column":69}},"4":{"start":{"line":8,"column":29},"end":{"line":15,"column":13}},"5":{"start":{"line":16,"column":12},"end":{"line":21,"column":13}},"6":{"start":{"line":17,"column":16},"end":{"line":20,"column":18}},"7":{"start":{"line":24,"column":28},"end":{"line":24,"column":68}},"8":{"start":{"line":25,"column":12},"end":{"line":30,"column":13}},"9":{"start":{"line":26,"column":16},"end":{"line":29,"column":18}},"10":{"start":{"line":31,"column":12},"end":{"line":31,"column":33}},"11":{"start":{"line":32,"column":12},"end":{"line":32,"column":92}},"12":{"start":{"line":34,"column":12},"end":{"line":34,"column":22}},"13":{"start":{"line":39,"column":8},"end":{"line":77,"column":9}},"14":{"start":{"line":40,"column":40},"end":{"line":40,"column":48}},"15":{"start":{"line":41,"column":12},"end":{"line":46,"column":13}},"16":{"start":{"line":42,"column":16},"end":{"line":45,"column":18}},"17":{"start":{"line":47,"column":12},"end":{"line":52,"column":13}},"18":{"start":{"line":48,"column":16},"end":{"line":51,"column":18}},"19":{"start":{"line":53,"column":25},"end":{"line":53,"column":54}},"20":{"start":{"line":54,"column":12},"end":{"line":59,"column":13}},"21":{"start":{"line":55,"column":16},"end":{"line":58,"column":18}},"22":{"start":{"line":60,"column":36},"end":{"line":60,"column":83}},"23":{"start":{"line":61,"column":12},"end":{"line":66,"column":13}},"24":{"start":{"line":62,"column":16},"end":{"line":65,"column":18}},"25":{"start":{"line":67,"column":28},"end":{"line":70,"column":13}},"26":{"start":{"line":72,"column":33},"end":{"line":72,"column":62}},"27":{"start":{"line":73,"column":12},"end":{"line":73,"column":51}},"28":{"start":{"line":75,"column":12},"end":{"line":75,"column":29}},"29":{"start":{"line":76,"column":12},"end":{"line":76,"column":22}},"30":{"start":{"line":81,"column":0},"end":{"line":81,"column":32}}},"fnMap":{"0":{"name":"(anonymous_0)","decl":{"start":{"line":5,"column":4},"end":{"line":5,"column":5}},"loc":{"start":{"line":5,"column":42},"end":{"line":36,"column":5}},"line":5},"1":{"name":"(anonymous_1)","decl":{"start":{"line":38,"column":4},"end":{"line":38,"column":5}},"loc":{"start":{"line":38,"column":39},"end":{"line":78,"column":5}},"line":38}},"branchMap":{"0":{"loc":{"start":{"line":16,"column":12},"end":{"line":21,"column":13}},"type":"if","locations":[{"start":{"line":16,"column":12},"end":{"line":21,"column":13}},{"start":{},"end":{}}],"line":16},"1":{"loc":{"start":{"line":16,"column":16},"end":{"line":16,"column":35}},"type":"binary-expr","locations":[{"start":{"line":16,"column":16},"end":{"line":16,"column":22}},{"start":{"line":16,"column":26},"end":{"line":16,"column":35}}],"line":16},"2":{"loc":{"start":{"line":25,"column":12},"end":{"line":30,"column":13}},"type":"if","locations":[{"start":{"line":25,"column":12},"end":{"line":30,"column":13}},{"start":{},"end":{}}],"line":25},"3":{"loc":{"start":{"line":41,"column":12},"end":{"line":46,"column":13}},"type":"if","locations":[{"start":{"line":41,"column":12},"end":{"line":46,"column":13}},{"start":{},"end":{}}],"line":41},"4":{"loc":{"start":{"line":47,"column":12},"end":{"line":52,"column":13}},"type":"if","locations":[{"start":{"line":47,"column":12},"end":{"line":52,"column":13}},{"start":{},"end":{}}],"line":47},"5":{"loc":{"start":{"line":54,"column":12},"end":{"line":59,"column":13}},"type":"if","locations":[{"start":{"line":54,"column":12},"end":{"line":59,"column":13}},{"start":{},"end":{}}],"line":54},"6":{"loc":{"start":{"line":61,"column":12},"end":{"line":66,"column":13}},"type":"if","locations":[{"start":{"line":61,"column":12},"end":{"line":66,"column":13}},{"start":{},"end":{}}],"line":61}},"s":{"0":2,"1":2,"2":3,"3":3,"4":3,"5":2,"6":0,"7":2,"8":0,"9":0,"10":0,"11":0,"12":3,"13":3,"14":3,"15":3,"16":1,"17":2,"18":0,"19":2,"20":0,"21":0,"22":0,"23":0,"24":0,"25":0,"26":0,"27":0,"28":3,"29":3,"30":2},"f":{"0":3,"1":3},"b":{"0":[0,2],"1":[2,2],"2":[0,0],"3":[1,2],"4":[0,2],"5":[0,0],"6":[0,0]},"_coverageSchema":"1a1c01bbd47fc00a2c39e90264f33305004495a9","hash":"51ce7e0f33de0d3c6ca14ea3c90a2f7672faaecf"}
,"C:\\Users\\ELVANO\\Desktop\\Hacktiv8\\Phase 3\\FINAL PROJECT\\MeTimer-Server\\helper\\helper.js": {"path":"C:\\Users\\ELVANO\\Desktop\\Hacktiv8\\Phase 3\\FINAL PROJECT\\MeTimer-Server\\helper\\helper.js","statementMap":{"0":{"start":{"line":1,"column":15},"end":{"line":1,"column":34}},"1":{"start":{"line":2,"column":12},"end":{"line":2,"column":35}},"2":{"start":{"line":3,"column":19},"end":{"line":3,"column":41}},"3":{"start":{"line":7,"column":4},"end":{"line":7,"column":41}},"4":{"start":{"line":11,"column":4},"end":{"line":11,"column":46}},"5":{"start":{"line":15,"column":4},"end":{"line":15,"column":41}},"6":{"start":{"line":19,"column":4},"end":{"line":19,"column":41}},"7":{"start":{"line":23,"column":0},"end":{"line":23,"column":24}}},"fnMap":{"0":{"name":"(anonymous_0)","decl":{"start":{"line":6,"column":2},"end":{"line":6,"column":3}},"loc":{"start":{"line":6,"column":32},"end":{"line":8,"column":3}},"line":6},"1":{"name":"(anonymous_1)","decl":{"start":{"line":10,"column":2},"end":{"line":10,"column":3}},"loc":{"start":{"line":10,"column":41},"end":{"line":12,"column":3}},"line":10},"2":{"name":"(anonymous_2)","decl":{"start":{"line":14,"column":2},"end":{"line":14,"column":3}},"loc":{"start":{"line":14,"column":32},"end":{"line":16,"column":3}},"line":14},"3":{"name":"(anonymous_3)","decl":{"start":{"line":18,"column":2},"end":{"line":18,"column":3}},"loc":{"start":{"line":18,"column":28},"end":{"line":20,"column":3}},"line":18}},"branchMap":{},"s":{"0":2,"1":2,"2":2,"3":3,"4":0,"5":0,"6":4,"7":2},"f":{"0":3,"1":0,"2":0,"3":4},"b":{},"_coverageSchema":"1a1c01bbd47fc00a2c39e90264f33305004495a9","hash":"6647eb7a559d952d51df458fa56252f1853e2b42"}
,"C:\\Users\\ELVANO\\Desktop\\Hacktiv8\\Phase 3\\FINAL PROJECT\\MeTimer-Server\\middlewares\\authentication.js": {"path":"C:\\Users\\ELVANO\\Desktop\\Hacktiv8\\Phase 3\\FINAL PROJECT\\MeTimer-Server\\middlewares\\authentication.js","statementMap":{"0":{"start":{"line":1,"column":21},"end":{"line":1,"column":39}},"1":{"start":{"line":2,"column":15},"end":{"line":2,"column":42}},"2":{"start":{"line":3,"column":17},"end":{"line":3,"column":36}},"3":{"start":{"line":6,"column":4},"end":{"line":18,"column":5}},"4":{"start":{"line":7,"column":33},"end":{"line":7,"column":44}},"5":{"start":{"line":9,"column":24},"end":{"line":9,"column":56}},"6":{"start":{"line":10,"column":21},"end":{"line":10,"column":52}},"7":{"start":{"line":12,"column":8},"end":{"line":12,"column":82}},"8":{"start":{"line":12,"column":19},"end":{"line":12,"column":82}},"9":{"start":{"line":13,"column":8},"end":{"line":13,"column":27}},"10":{"start":{"line":15,"column":8},"end":{"line":15,"column":15}},"11":{"start":{"line":17,"column":8},"end":{"line":17,"column":20}},"12":{"start":{"line":21,"column":0},"end":{"line":21,"column":32}}},"fnMap":{"0":{"name":"authentication","decl":{"start":{"line":5,"column":15},"end":{"line":5,"column":29}},"loc":{"start":{"line":5,"column":46},"end":{"line":19,"column":1}},"line":5}},"branchMap":{"0":{"loc":{"start":{"line":12,"column":8},"end":{"line":12,"column":82}},"type":"if","locations":[{"start":{"line":12,"column":8},"end":{"line":12,"column":82}},{"start":{},"end":{}}],"line":12}},"s":{"0":2,"1":2,"2":2,"3":4,"4":4,"5":4,"6":0,"7":0,"8":0,"9":0,"10":0,"11":4,"12":2},"f":{"0":4},"b":{"0":[0,0]},"_coverageSchema":"1a1c01bbd47fc00a2c39e90264f33305004495a9","hash":"09399fad70cacea10e698240e6e5442a31d994fd"}
,"C:\\Users\\ELVANO\\Desktop\\Hacktiv8\\Phase 3\\FINAL PROJECT\\MeTimer-Server\\middlewares\\errorHandler.js": {"path":"C:\\Users\\ELVANO\\Desktop\\Hacktiv8\\Phase 3\\FINAL PROJECT\\MeTimer-Server\\middlewares\\errorHandler.js","statementMap":{"0":{"start":{"line":2,"column":4},"end":{"line":2,"column":21}},"1":{"start":{"line":3,"column":17},"end":{"line":3,"column":20}},"2":{"start":{"line":4,"column":18},"end":{"line":4,"column":41}},"3":{"start":{"line":6,"column":4},"end":{"line":18,"column":5}},"4":{"start":{"line":7,"column":8},"end":{"line":7,"column":21}},"5":{"start":{"line":8,"column":8},"end":{"line":8,"column":30}},"6":{"start":{"line":9,"column":11},"end":{"line":18,"column":5}},"7":{"start":{"line":10,"column":8},"end":{"line":10,"column":21}},"8":{"start":{"line":11,"column":8},"end":{"line":11,"column":30}},"9":{"start":{"line":12,"column":11},"end":{"line":18,"column":5}},"10":{"start":{"line":13,"column":8},"end":{"line":13,"column":21}},"11":{"start":{"line":14,"column":8},"end":{"line":14,"column":30}},"12":{"start":{"line":15,"column":11},"end":{"line":18,"column":5}},"13":{"start":{"line":16,"column":8},"end":{"line":16,"column":21}},"14":{"start":{"line":17,"column":8},"end":{"line":17,"column":44}},"15":{"start":{"line":20,"column":4},"end":{"line":20,"column":41}},"16":{"start":{"line":23,"column":0},"end":{"line":23,"column":30}}},"fnMap":{"0":{"name":"errorHandler","decl":{"start":{"line":1,"column":9},"end":{"line":1,"column":21}},"loc":{"start":{"line":1,"column":43},"end":{"line":21,"column":1}},"line":1}},"branchMap":{"0":{"loc":{"start":{"line":6,"column":4},"end":{"line":18,"column":5}},"type":"if","locations":[{"start":{"line":6,"column":4},"end":{"line":18,"column":5}},{"start":{"line":9,"column":11},"end":{"line":18,"column":5}}],"line":6},"1":{"loc":{"start":{"line":9,"column":11},"end":{"line":18,"column":5}},"type":"if","locations":[{"start":{"line":9,"column":11},"end":{"line":18,"column":5}},{"start":{"line":12,"column":11},"end":{"line":18,"column":5}}],"line":9},"2":{"loc":{"start":{"line":12,"column":11},"end":{"line":18,"column":5}},"type":"if","locations":[{"start":{"line":12,"column":11},"end":{"line":18,"column":5}},{"start":{"line":15,"column":11},"end":{"line":18,"column":5}}],"line":12},"3":{"loc":{"start":{"line":15,"column":11},"end":{"line":18,"column":5}},"type":"if","locations":[{"start":{"line":15,"column":11},"end":{"line":18,"column":5}},{"start":{},"end":{}}],"line":15},"4":{"loc":{"start":{"line":15,"column":15},"end":{"line":15,"column":79}},"type":"binary-expr","locations":[{"start":{"line":15,"column":15},"end":{"line":15,"column":44}},{"start":{"line":15,"column":48},"end":{"line":15,"column":79}}],"line":15}},"s":{"0":10,"1":10,"2":10,"3":10,"4":1,"5":1,"6":9,"7":0,"8":0,"9":9,"10":0,"11":0,"12":9,"13":4,"14":4,"15":10,"16":2},"f":{"0":10},"b":{"0":[1,9],"1":[0,9],"2":[0,9],"3":[4,5],"4":[9,9]},"_coverageSchema":"1a1c01bbd47fc00a2c39e90264f33305004495a9","hash":"a83bf1d72ffb07ce43a6c4b31ce6820bdc416751"}
,"C:\\Users\\ELVANO\\Desktop\\Hacktiv8\\Phase 3\\FINAL PROJECT\\MeTimer-Server\\model\\AI.js": {"path":"C:\\Users\\ELVANO\\Desktop\\Hacktiv8\\Phase 3\\FINAL PROJECT\\MeTimer-Server\\model\\AI.js","statementMap":{"0":{"start":{"line":1,"column":13},"end":{"line":1,"column":28}},"1":{"start":{"line":2,"column":11},"end":{"line":2,"column":24}},"2":{"start":{"line":3,"column":18},"end":{"line":3,"column":53}},"3":{"start":{"line":4,"column":15},"end":{"line":4,"column":49}},"4":{"start":{"line":8,"column":8},"end":{"line":47,"column":9}},"5":{"start":{"line":9,"column":12},"end":{"line":9,"column":61}},"6":{"start":{"line":11,"column":27},"end":{"line":11,"column":84}},"7":{"start":{"line":13,"column":29},"end":{"line":18,"column":14}},"8":{"start":{"line":20,"column":34},"end":{"line":20,"column":78}},"9":{"start":{"line":23,"column":30},"end":{"line":23,"column":98}},"10":{"start":{"line":24,"column":12},"end":{"line":24,"column":44}},"11":{"start":{"line":24,"column":27},"end":{"line":24,"column":44}},"12":{"start":{"line":26,"column":34},"end":{"line":30,"column":14}},"13":{"start":{"line":33,"column":34},"end":{"line":35,"column":42}},"14":{"start":{"line":36,"column":34},"end":{"line":36,"column":92}},"15":{"start":{"line":37,"column":32},"end":{"line":37,"column":78}},"16":{"start":{"line":38,"column":12},"end":{"line":38,"column":68}},"17":{"start":{"line":41,"column":31},"end":{"line":41,"column":81}},"18":{"start":{"line":42,"column":12},"end":{"line":42,"column":69}},"19":{"start":{"line":44,"column":12},"end":{"line":44,"column":30}},"20":{"start":{"line":46,"column":12},"end":{"line":46,"column":24}},"21":{"start":{"line":51,"column":8},"end":{"line":64,"column":9}},"22":{"start":{"line":52,"column":27},"end":{"line":52,"column":122}},"23":{"start":{"line":54,"column":29},"end":{"line":59,"column":14}},"24":{"start":{"line":60,"column":36},"end":{"line":60,"column":80}},"25":{"start":{"line":61,"column":12},"end":{"line":61,"column":35}},"26":{"start":{"line":63,"column":12},"end":{"line":63,"column":24}},"27":{"start":{"line":68,"column":0},"end":{"line":68,"column":20}}},"fnMap":{"0":{"name":"(anonymous_0)","decl":{"start":{"line":7,"column":4},"end":{"line":7,"column":5}},"loc":{"start":{"line":7,"column":53},"end":{"line":48,"column":5}},"line":7},"1":{"name":"(anonymous_1)","decl":{"start":{"line":50,"column":4},"end":{"line":50,"column":5}},"loc":{"start":{"line":50,"column":49},"end":{"line":65,"column":5}},"line":50}},"branchMap":{"0":{"loc":{"start":{"line":7,"column":31},"end":{"line":7,"column":51}},"type":"default-arg","locations":[{"start":{"line":7,"column":38},"end":{"line":7,"column":51}}],"line":7},"1":{"loc":{"start":{"line":9,"column":19},"end":{"line":9,"column":60}},"type":"binary-expr","locations":[{"start":{"line":9,"column":19},"end":{"line":9,"column":41}},{"start":{"line":9,"column":45},"end":{"line":9,"column":60}}],"line":9},"2":{"loc":{"start":{"line":24,"column":12},"end":{"line":24,"column":44}},"type":"if","locations":[{"start":{"line":24,"column":12},"end":{"line":24,"column":44}},{"start":{},"end":{}}],"line":24}},"s":{"0":2,"1":2,"2":2,"3":2,"4":0,"5":0,"6":0,"7":0,"8":0,"9":0,"10":0,"11":0,"12":0,"13":0,"14":0,"15":0,"16":0,"17":0,"18":0,"19":0,"20":0,"21":0,"22":0,"23":0,"24":0,"25":0,"26":0,"27":2},"f":{"0":0,"1":0},"b":{"0":[0],"1":[0,0],"2":[0,0]},"_coverageSchema":"1a1c01bbd47fc00a2c39e90264f33305004495a9","hash":"01b04d72afa55fde5ef9bc6f3bbfadd38f87c8c3"}
,"C:\\Users\\ELVANO\\Desktop\\Hacktiv8\\Phase 3\\FINAL PROJECT\\MeTimer-Server\\model\\Journal.js": {"path":"C:\\Users\\ELVANO\\Desktop\\Hacktiv8\\Phase 3\\FINAL PROJECT\\MeTimer-Server\\model\\Journal.js","statementMap":{"0":{"start":{"line":1,"column":21},"end":{"line":1,"column":39}},"1":{"start":{"line":2,"column":18},"end":{"line":2,"column":53}},"2":{"start":{"line":6,"column":8},"end":{"line":11,"column":9}},"3":{"start":{"line":7,"column":46},"end":{"line":7,"column":112}},"4":{"start":{"line":8,"column":12},"end":{"line":8,"column":29}},"5":{"start":{"line":10,"column":12},"end":{"line":10,"column":24}},"6":{"start":{"line":15,"column":8},"end":{"line":22,"column":9}},"7":{"start":{"line":16,"column":28},"end":{"line":18,"column":51}},"8":{"start":{"line":19,"column":12},"end":{"line":19,"column":27}},"9":{"start":{"line":21,"column":12},"end":{"line":21,"column":24}},"10":{"start":{"line":26,"column":0},"end":{"line":26,"column":25}}},"fnMap":{"0":{"name":"(anonymous_0)","decl":{"start":{"line":5,"column":4},"end":{"line":5,"column":5}},"loc":{"start":{"line":5,"column":40},"end":{"line":12,"column":5}},"line":5},"1":{"name":"(anonymous_1)","decl":{"start":{"line":14,"column":4},"end":{"line":14,"column":5}},"loc":{"start":{"line":14,"column":30},"end":{"line":23,"column":5}},"line":14}},"branchMap":{},"s":{"0":2,"1":2,"2":0,"3":0,"4":0,"5":0,"6":0,"7":0,"8":0,"9":0,"10":2},"f":{"0":0,"1":0},"b":{},"_coverageSchema":"1a1c01bbd47fc00a2c39e90264f33305004495a9","hash":"eba2cef44cd6c4d53134d618ed6cda7ac2d0a3c0"}
,"C:\\Users\\ELVANO\\Desktop\\Hacktiv8\\Phase 3\\FINAL PROJECT\\MeTimer-Server\\model\\Record.js": {"path":"C:\\Users\\ELVANO\\Desktop\\Hacktiv8\\Phase 3\\FINAL PROJECT\\MeTimer-Server\\model\\Record.js","statementMap":{"0":{"start":{"line":1,"column":21},"end":{"line":1,"column":39}},"1":{"start":{"line":2,"column":18},"end":{"line":2,"column":53}},"2":{"start":{"line":3,"column":16},"end":{"line":3,"column":36}},"3":{"start":{"line":7,"column":52},"end":{"line":7,"column":56}},"4":{"start":{"line":8,"column":8},"end":{"line":16,"column":9}},"5":{"start":{"line":9,"column":30},"end":{"line":9,"column":66}},"6":{"start":{"line":10,"column":27},"end":{"line":12,"column":131}},"7":{"start":{"line":13,"column":12},"end":{"line":13,"column":26}},"8":{"start":{"line":15,"column":12},"end":{"line":15,"column":24}},"9":{"start":{"line":20,"column":8},"end":{"line":46,"column":9}},"10":{"start":{"line":21,"column":28},"end":{"line":42,"column":18}},"11":{"start":{"line":43,"column":12},"end":{"line":43,"column":43}},"12":{"start":{"line":45,"column":12},"end":{"line":45,"column":24}},"13":{"start":{"line":50,"column":0},"end":{"line":50,"column":24}}},"fnMap":{"0":{"name":"(anonymous_0)","decl":{"start":{"line":6,"column":4},"end":{"line":6,"column":5}},"loc":{"start":{"line":6,"column":38},"end":{"line":17,"column":5}},"line":6},"1":{"name":"(anonymous_1)","decl":{"start":{"line":19,"column":4},"end":{"line":19,"column":5}},"loc":{"start":{"line":19,"column":29},"end":{"line":47,"column":5}},"line":19}},"branchMap":{},"s":{"0":2,"1":2,"2":2,"3":0,"4":0,"5":0,"6":0,"7":0,"8":0,"9":0,"10":0,"11":0,"12":0,"13":2},"f":{"0":0,"1":0},"b":{},"_coverageSchema":"1a1c01bbd47fc00a2c39e90264f33305004495a9","hash":"be66442891b802bfb273d9a8a45759eba4968edb"}
,"C:\\Users\\ELVANO\\Desktop\\Hacktiv8\\Phase 3\\FINAL PROJECT\\MeTimer-Server\\model\\User.js": {"path":"C:\\Users\\ELVANO\\Desktop\\Hacktiv8\\Phase 3\\FINAL PROJECT\\MeTimer-Server\\model\\User.js","statementMap":{"0":{"start":{"line":1,"column":21},"end":{"line":1,"column":39}},"1":{"start":{"line":2,"column":14},"end":{"line":2,"column":55}},"2":{"start":{"line":6,"column":8},"end":{"line":10,"column":9}},"3":{"start":{"line":7,"column":12},"end":{"line":7,"column":69}},"4":{"start":{"line":9,"column":12},"end":{"line":9,"column":22}},"5":{"start":{"line":14,"column":8},"end":{"line":18,"column":9}},"6":{"start":{"line":15,"column":12},"end":{"line":15,"column":70}},"7":{"start":{"line":17,"column":12},"end":{"line":17,"column":22}},"8":{"start":{"line":22,"column":8},"end":{"line":28,"column":9}},"9":{"start":{"line":23,"column":12},"end":{"line":25,"column":52}},"10":{"start":{"line":27,"column":12},"end":{"line":27,"column":22}},"11":{"start":{"line":32,"column":8},"end":{"line":36,"column":9}},"12":{"start":{"line":33,"column":12},"end":{"line":33,"column":72}},"13":{"start":{"line":35,"column":12},"end":{"line":35,"column":22}},"14":{"start":{"line":40,"column":8},"end":{"line":46,"column":9}},"15":{"start":{"line":41,"column":12},"end":{"line":43,"column":52}},"16":{"start":{"line":45,"column":12},"end":{"line":45,"column":24}},"17":{"start":{"line":50,"column":8},"end":{"line":69,"column":9}},"18":{"start":{"line":51,"column":27},"end":{"line":55,"column":13}},"19":{"start":{"line":60,"column":12},"end":{"line":65,"column":13}},"20":{"start":{"line":61,"column":32},"end":{"line":61,"column":84}},"21":{"start":{"line":62,"column":16},"end":{"line":62,"column":35}},"22":{"start":{"line":64,"column":16},"end":{"line":64,"column":25}},"23":{"start":{"line":67,"column":12},"end":{"line":67,"column":51}},"24":{"start":{"line":68,"column":12},"end":{"line":68,"column":22}},"25":{"start":{"line":73,"column":8},"end":{"line":79,"column":9}},"26":{"start":{"line":74,"column":12},"end":{"line":76,"column":70}},"27":{"start":{"line":78,"column":12},"end":{"line":78,"column":22}},"28":{"start":{"line":83,"column":8},"end":{"line":89,"column":9}},"29":{"start":{"line":84,"column":12},"end":{"line":86,"column":54}},"30":{"start":{"line":88,"column":12},"end":{"line":88,"column":22}},"31":{"start":{"line":93,"column":8},"end":{"line":97,"column":9}},"32":{"start":{"line":94,"column":12},"end":{"line":94,"column":67}},"33":{"start":{"line":96,"column":12},"end":{"line":96,"column":21}},"34":{"start":{"line":101,"column":0},"end":{"line":101,"column":22}}},"fnMap":{"0":{"name":"(anonymous_0)","decl":{"start":{"line":5,"column":4},"end":{"line":5,"column":5}},"loc":{"start":{"line":5,"column":30},"end":{"line":11,"column":5}},"line":5},"1":{"name":"(anonymous_1)","decl":{"start":{"line":13,"column":4},"end":{"line":13,"column":5}},"loc":{"start":{"line":13,"column":27},"end":{"line":19,"column":5}},"line":13},"2":{"name":"(anonymous_2)","decl":{"start":{"line":21,"column":4},"end":{"line":21,"column":5}},"loc":{"start":{"line":21,"column":30},"end":{"line":29,"column":5}},"line":21},"3":{"name":"(anonymous_3)","decl":{"start":{"line":31,"column":4},"end":{"line":31,"column":5}},"loc":{"start":{"line":31,"column":36},"end":{"line":37,"column":5}},"line":31},"4":{"name":"(anonymous_4)","decl":{"start":{"line":39,"column":4},"end":{"line":39,"column":5}},"loc":{"start":{"line":39,"column":30},"end":{"line":47,"column":5}},"line":39},"5":{"name":"(anonymous_5)","decl":{"start":{"line":49,"column":4},"end":{"line":49,"column":5}},"loc":{"start":{"line":49,"column":43},"end":{"line":70,"column":5}},"line":49},"6":{"name":"(anonymous_6)","decl":{"start":{"line":72,"column":4},"end":{"line":72,"column":5}},"loc":{"start":{"line":72,"column":34},"end":{"line":80,"column":5}},"line":72},"7":{"name":"(anonymous_7)","decl":{"start":{"line":82,"column":4},"end":{"line":82,"column":5}},"loc":{"start":{"line":82,"column":29},"end":{"line":90,"column":5}},"line":82},"8":{"name":"(anonymous_8)","decl":{"start":{"line":92,"column":4},"end":{"line":92,"column":5}},"loc":{"start":{"line":92,"column":29},"end":{"line":98,"column":5}},"line":92}},"branchMap":{"0":{"loc":{"start":{"line":60,"column":12},"end":{"line":65,"column":13}},"type":"if","locations":[{"start":{"line":60,"column":12},"end":{"line":65,"column":13}},{"start":{"line":63,"column":19},"end":{"line":65,"column":13}}],"line":60}},"s":{"0":2,"1":2,"2":3,"3":3,"4":2,"5":1,"6":1,"7":1,"8":1,"9":1,"10":1,"11":3,"12":3,"13":3,"14":1,"15":1,"16":1,"17":5,"18":5,"19":2,"20":1,"21":1,"22":1,"23":3,"24":3,"25":1,"26":1,"27":1,"28":1,"29":1,"30":1,"31":2,"32":2,"33":2,"34":2},"f":{"0":3,"1":1,"2":1,"3":3,"4":1,"5":5,"6":1,"7":1,"8":2},"b":{"0":[1,1]},"_coverageSchema":"1a1c01bbd47fc00a2c39e90264f33305004495a9","hash":"ee7d11cd4c9770df72918f1b4d65c15816a6361b"}
,"C:\\Users\\ELVANO\\Desktop\\Hacktiv8\\Phase 3\\FINAL PROJECT\\MeTimer-Server\\model\\index.js": {"path":"C:\\Users\\ELVANO\\Desktop\\Hacktiv8\\Phase 3\\FINAL PROJECT\\MeTimer-Server\\model\\index.js","statementMap":{"0":{"start":{"line":1,"column":13},"end":{"line":1,"column":30}},"1":{"start":{"line":2,"column":11},"end":{"line":2,"column":26}},"2":{"start":{"line":4,"column":0},"end":{"line":4,"column":30}}},"fnMap":{},"branchMap":{},"s":{"0":2,"1":2,"2":2},"f":{},"b":{},"_coverageSchema":"1a1c01bbd47fc00a2c39e90264f33305004495a9","hash":"9bae3e3e4e46b6194a67bbb6182f83b6132e856e"}
,"C:\\Users\\ELVANO\\Desktop\\Hacktiv8\\Phase 3\\FINAL PROJECT\\MeTimer-Server\\routers\\index.js": {"path":"C:\\Users\\ELVANO\\Desktop\\Hacktiv8\\Phase 3\\FINAL PROJECT\\MeTimer-Server\\routers\\index.js","statementMap":{"0":{"start":{"line":1,"column":15},"end":{"line":1,"column":42}},"1":{"start":{"line":2,"column":26},"end":{"line":2,"column":69}},"2":{"start":{"line":3,"column":21},"end":{"line":3,"column":59}},"3":{"start":{"line":4,"column":25},"end":{"line":4,"column":67}},"4":{"start":{"line":5,"column":23},"end":{"line":5,"column":63}},"5":{"start":{"line":6,"column":23},"end":{"line":6,"column":63}},"6":{"start":{"line":8,"column":0},"end":{"line":8,"column":50}},"7":{"start":{"line":10,"column":0},"end":{"line":10,"column":44}},"8":{"start":{"line":12,"column":0},"end":{"line":12,"column":27}},"9":{"start":{"line":14,"column":0},"end":{"line":14,"column":51}},"10":{"start":{"line":15,"column":0},"end":{"line":15,"column":62}},"11":{"start":{"line":17,"column":0},"end":{"line":17,"column":55}},"12":{"start":{"line":18,"column":0},"end":{"line":18,"column":52}},"13":{"start":{"line":20,"column":0},"end":{"line":20,"column":56}},"14":{"start":{"line":22,"column":0},"end":{"line":22,"column":24}}},"fnMap":{},"branchMap":{},"s":{"0":2,"1":2,"2":2,"3":2,"4":2,"5":2,"6":2,"7":2,"8":2,"9":2,"10":2,"11":2,"12":2,"13":2,"14":2},"f":{},"b":{},"_coverageSchema":"1a1c01bbd47fc00a2c39e90264f33305004495a9","hash":"caacb29d7f362ec55066868264d7a81e6dadb12c"}
}
