TN:
SF:app.js
FNF:0
FNH:0
DA:1,2
DA:2,2
DA:3,2
DA:4,2
DA:5,2
DA:6,2
DA:7,2
DA:8,2
DA:9,2
DA:11,2
DA:12,2
DA:13,2
DA:16,2
DA:18,2
DA:21,2
DA:23,2
DA:30,2
LF:17
LH:17
BRDA:9,0,0,2
BRDA:9,0,1,0
BRF:2
BRH:1
end_of_record
TN:
SF:config\mongodb.config.js
FN:9,connectDB
FN:20,getDB
FNF:2
FNH:1
FNDA:1,connectDB
FNDA:0,getDB
DA:1,2
DA:3,2
DA:5,2
DA:7,2
DA:10,1
DA:11,1
DA:12,0
DA:13,0
DA:14,0
DA:16,0
DA:21,0
DA:24,2
LF:12
LH:7
BRDA:3,0,0,2
BRDA:3,0,1,2
BRF:2
BRH:2
end_of_record
TN:
SF:config\openai.config.js
FNF:0
FNH:0
DA:1,2
DA:2,2
DA:6,2
LF:3
LH:3
BRF:0
BRH:0
end_of_record
TN:
SF:controllers\AIController.js
FN:4,(anonymous_0)
FN:14,(anonymous_1)
FNF:2
FNH:0
FNDA:0,(anonymous_0)
FNDA:0,(anonymous_1)
DA:1,2
DA:5,0
DA:6,0
DA:7,0
DA:8,0
DA:10,0
DA:15,0
DA:16,0
DA:17,0
DA:18,0
DA:20,0
DA:25,2
LF:12
LH:2
BRF:0
BRH:0
end_of_record
TN:
SF:controllers\JournalController.js
FN:4,(anonymous_0)
FNF:1
FNH:0
FNDA:0,(anonymous_0)
DA:1,2
DA:5,0
DA:6,0
DA:7,0
DA:8,0
DA:10,0
DA:15,2
LF:7
LH:2
BRF:0
BRH:0
end_of_record
TN:
SF:controllers\RecordController.js
FN:4,(anonymous_0)
FN:15,(anonymous_1)
FNF:2
FNH:0
FNDA:0,(anonymous_0)
FNDA:0,(anonymous_1)
DA:1,2
DA:5,0
DA:6,0
DA:7,0
DA:8,0
DA:9,0
DA:11,0
DA:16,0
DA:17,0
DA:18,0
DA:19,0
DA:21,0
DA:26,2
LF:13
LH:2
BRF:0
BRH:0
end_of_record
TN:
SF:controllers\UserController.js
FN:5,(anonymous_0)
FN:38,(anonymous_1)
FNF:2
FNH:2
FNDA:3,(anonymous_0)
FNDA:3,(anonymous_1)
DA:1,2
DA:2,2
DA:6,3
DA:7,3
DA:8,3
DA:16,2
DA:17,0
DA:24,2
DA:25,0
DA:26,0
DA:31,0
DA:32,0
DA:34,3
DA:39,3
DA:40,3
DA:41,3
DA:42,1
DA:47,2
DA:48,0
DA:53,2
DA:54,0
DA:55,0
DA:60,0
DA:61,0
DA:62,0
DA:67,0
DA:72,0
DA:73,0
DA:75,3
DA:76,3
DA:81,2
LF:31
LH:17
BRDA:16,0,0,0
BRDA:16,0,1,2
BRDA:16,1,0,2
BRDA:16,1,1,2
BRDA:25,2,0,0
BRDA:25,2,1,0
BRDA:41,3,0,1
BRDA:41,3,1,2
BRDA:47,4,0,0
BRDA:47,4,1,2
BRDA:54,5,0,0
BRDA:54,5,1,0
BRDA:61,6,0,0
BRDA:61,6,1,0
BRF:14
BRH:6
end_of_record
TN:
SF:helper\helper.js
FN:6,(anonymous_0)
FN:10,(anonymous_1)
FN:14,(anonymous_2)
FN:18,(anonymous_3)
FNF:4
FNH:2
FNDA:3,(anonymous_0)
FNDA:0,(anonymous_1)
FNDA:0,(anonymous_2)
FNDA:4,(anonymous_3)
DA:1,2
DA:2,2
DA:3,2
DA:7,3
DA:11,0
DA:15,0
DA:19,4
DA:23,2
LF:8
LH:6
BRF:0
BRH:0
end_of_record
TN:
SF:middlewares\authentication.js
FN:5,authentication
FNF:1
FNH:1
FNDA:4,authentication
DA:1,2
DA:2,2
DA:3,2
DA:6,4
DA:7,4
DA:9,4
DA:10,0
DA:12,0
DA:13,0
DA:15,0
DA:17,4
DA:21,2
LF:12
LH:8
BRDA:12,0,0,0
BRDA:12,0,1,0
BRF:2
BRH:0
end_of_record
TN:
SF:middlewares\errorHandler.js
FN:1,errorHandler
FNF:1
FNH:1
FNDA:10,errorHandler
DA:2,10
DA:3,10
DA:4,10
DA:6,10
DA:7,1
DA:8,1
DA:9,9
DA:10,0
DA:11,0
DA:12,9
DA:13,0
DA:14,0
DA:15,9
DA:16,4
DA:17,4
DA:20,10
DA:23,2
LF:17
LH:13
BRDA:6,0,0,1
BRDA:6,0,1,9
BRDA:9,1,0,0
BRDA:9,1,1,9
BRDA:12,2,0,0
BRDA:12,2,1,9
BRDA:15,3,0,4
BRDA:15,3,1,5
BRDA:15,4,0,9
BRDA:15,4,1,9
BRF:10
BRH:8
end_of_record
TN:
SF:model\AI.js
FN:7,(anonymous_0)
FN:50,(anonymous_1)
FNF:2
FNH:0
FNDA:0,(anonymous_0)
FNDA:0,(anonymous_1)
DA:1,2
DA:2,2
DA:3,2
DA:4,2
DA:8,0
DA:9,0
DA:11,0
DA:13,0
DA:20,0
DA:23,0
DA:24,0
DA:26,0
DA:33,0
DA:36,0
DA:37,0
DA:38,0
DA:41,0
DA:42,0
DA:44,0
DA:46,0
DA:51,0
DA:52,0
DA:54,0
DA:60,0
DA:61,0
DA:63,0
DA:68,2
LF:27
LH:5
BRDA:7,0,0,0
BRDA:9,1,0,0
BRDA:9,1,1,0
BRDA:24,2,0,0
BRDA:24,2,1,0
BRF:5
BRH:0
end_of_record
TN:
SF:model\Journal.js
FN:5,(anonymous_0)
FN:14,(anonymous_1)
FNF:2
FNH:0
FNDA:0,(anonymous_0)
FNDA:0,(anonymous_1)
DA:1,2
DA:2,2
DA:6,0
DA:7,0
DA:8,0
DA:10,0
DA:15,0
DA:16,0
DA:19,0
DA:21,0
DA:26,2
LF:11
LH:3
BRF:0
BRH:0
end_of_record
TN:
SF:model\Record.js
FN:6,(anonymous_0)
FN:19,(anonymous_1)
FNF:2
FNH:0
FNDA:0,(anonymous_0)
FNDA:0,(anonymous_1)
DA:1,2
DA:2,2
DA:3,2
DA:7,0
DA:8,0
DA:9,0
DA:10,0
DA:13,0
DA:15,0
DA:20,0
DA:21,0
DA:43,0
DA:45,0
DA:50,2
LF:14
LH:4
BRF:0
BRH:0
end_of_record
TN:
SF:model\User.js
FN:5,(anonymous_0)
FN:13,(anonymous_1)
FN:21,(anonymous_2)
FN:31,(anonymous_3)
FN:39,(anonymous_4)
FN:49,(anonymous_5)
FN:72,(anonymous_6)
FN:82,(anonymous_7)
FN:92,(anonymous_8)
FNF:9
FNH:9
FNDA:3,(anonymous_0)
FNDA:1,(anonymous_1)
FNDA:1,(anonymous_2)
FNDA:3,(anonymous_3)
FNDA:1,(anonymous_4)
FNDA:5,(anonymous_5)
FNDA:1,(anonymous_6)
FNDA:1,(anonymous_7)
FNDA:2,(anonymous_8)
DA:1,2
DA:2,2
DA:6,3
DA:7,3
DA:9,2
DA:14,1
DA:15,1
DA:17,1
DA:22,1
DA:23,1
DA:27,1
DA:32,3
DA:33,3
DA:35,3
DA:40,1
DA:41,1
DA:45,1
DA:50,5
DA:51,5
DA:60,2
DA:61,1
DA:62,1
DA:64,1
DA:67,3
DA:68,3
DA:73,1
DA:74,1
DA:78,1
DA:83,1
DA:84,1
DA:88,1
DA:93,2
DA:94,2
DA:96,2
DA:101,2
LF:35
LH:35
BRDA:60,0,0,1
BRDA:60,0,1,1
BRF:2
BRH:2
end_of_record
TN:
SF:model\index.js
FNF:0
FNH:0
DA:1,2
DA:2,2
DA:4,2
LF:3
LH:3
BRF:0
BRH:0
end_of_record
TN:
SF:routers\index.js
FNF:0
FNH:0
DA:1,2
DA:2,2
DA:3,2
DA:4,2
DA:5,2
DA:6,2
DA:8,2
DA:10,2
DA:12,2
DA:14,2
DA:15,2
DA:17,2
DA:18,2
DA:20,2
DA:22,2
LF:15
LH:15
BRF:0
BRH:0
end_of_record
